<?xml version="1.0" encoding="UTF-8"?>
<!-- Generated by org.testng.reporters.JUnitReportReporter -->
<testsuite hostname="wws-cpu-202308-04" failures="0" tests="5" name="testcase_customer.Testcase1_Login_Customer" time="123.624" errors="0" timestamp="2024-04-16T17:08:48 IST" skipped="0">
  <testcase classname="testcase_customer.Testcase1_Login_Customer" name="Login" time="4.583"/>
  <testcase classname="testcase_customer.Testcase1_Login_Customer" name="Dashboard" time="50.962"/>
  <testcase classname="testcase_customer.Testcase1_Login_Customer" name="model_Profile_Check" time="35.710"/>
  <testcase classname="testcase_customer.Testcase1_Login_Customer" name="connect_Now" time="23.215"/>
  <testcase classname="testcase_customer.Testcase1_Login_Customer" name="chat_Box" time="9.154"/>
</testsuite> <!-- testcase_customer.Testcase1_Login_Customer -->
