<?xml version="1.0" encoding="UTF-8"?>
<!-- Generated by org.testng.reporters.JUnitReportReporter -->
<testsuite hostname="wws-cpu-202308-04" failures="0" tests="1" name="testcase.Testcase1_Adultpopup" time="6.170" errors="0" timestamp="2024-04-10T11:41:11 IST" skipped="0">
  <testcase classname="testcase.Testcase1_Adultpopup" name="Adultpopup" time="6.170"/>
</testsuite> <!-- testcase.Testcase1_Adultpopup -->
