<?xml version="1.0" encoding="UTF-8"?>
<!-- Generated by org.testng.reporters.JUnitReportReporter -->
<testsuite hostname="wws-cpu-202308-04" failures="0" tests="1" name="testcase.Testcase1_Adultpopup" time="6.196" errors="0" timestamp="2024-03-21T10:39:53 IST" skipped="0">
  <testcase classname="testcase.Testcase1_Adultpopup" name="Adultpopup" time="6.196"/>
  <system-out/>
</testsuite> <!-- testcase.Testcase1_Adultpopup -->
