<?xml version="1.0" encoding="UTF-8"?>
<!-- Generated by org.testng.reporters.JUnitReportReporter -->
<testsuite hostname="wws-cpu-202308-04" failures="0" tests="5" name="testcase_customer.Testcase1_Login_Customer" time="123.610" errors="0" timestamp="2024-04-16T18:17:50 IST" skipped="0">
  <testcase classname="testcase_customer.Testcase1_Login_Customer" name="Login" time="4.501"/>
  <testcase classname="testcase_customer.Testcase1_Login_Customer" name="Dashboard" time="53.176"/>
  <testcase classname="testcase_customer.Testcase1_Login_Customer" name="model_Profile_Check" time="36.372"/>
  <testcase classname="testcase_customer.Testcase1_Login_Customer" name="connect_Now" time="20.438"/>
  <testcase classname="testcase_customer.Testcase1_Login_Customer" name="chat_Box" time="9.123"/>
</testsuite> <!-- testcase_customer.Testcase1_Login_Customer -->
