<?xml version="1.0" encoding="UTF-8"?>
<!-- Generated by org.testng.reporters.JUnitReportReporter -->
<testsuite hostname="wws-cpu-202308-04" failures="0" tests="3" name="allregistrationform.AffiliateRegistration" time="70.097" errors="0" timestamp="2024-03-21T16:29:46 IST" skipped="0">
  <testcase classname="allregistrationform.AffiliateRegistration" name="adultpopup" time="14.328"/>
  <system-out/>
  <testcase classname="allregistrationform.AffiliateRegistration" name="affiliateRegistration_Button" time="20.915"/>
  <system-out/>
  <testcase classname="allregistrationform.AffiliateRegistration" name="affiliate_Registration_Form" time="34.854"/>
  <system-out/>
</testsuite> <!-- allregistrationform.AffiliateRegistration -->
