<?xml version="1.0" encoding="UTF-8"?>
<!-- Generated by org.testng.reporters.JUnitReportReporter -->
<testsuite hostname="wws-cpu-202308-04" failures="0" tests="1" name="testcase.Testcase9_Payment" time="23.702" errors="0" timestamp="2024-03-21T10:39:53 IST" skipped="0">
  <testcase classname="testcase.Testcase9_Payment" name="Payment" time="23.702"/>
  <system-out/>
</testsuite> <!-- testcase.Testcase9_Payment -->
