<?xml version="1.0" encoding="UTF-8"?>
<!-- Generated by org.testng.reporters.JUnitReportReporter -->
<testsuite hostname="wws-cpu-202308-04" failures="0" tests="1" name="testcase_customer.Testcase1_Adultpopup" time="6.267" errors="0" timestamp="2024-04-12T16:50:43 IST" skipped="0">
  <testcase classname="testcase_customer.Testcase1_Adultpopup" name="Adultpopup" time="6.267"/>
</testsuite> <!-- testcase_customer.Testcase1_Adultpopup -->
