<?xml version="1.0" encoding="UTF-8"?>
<!-- Generated by org.testng.reporters.JUnitReportReporter -->
<testsuite hostname="wws-cpu-202308-04" failures="0" tests="3" name="allregistrationform.Testcase3_SignUpAsModel" time="64.890" errors="0" timestamp="2024-04-10T19:07:13 IST" skipped="0">
  <testcase classname="allregistrationform.Testcase3_SignUpAsModel" name="adultpopup" time="12.139"/>
  <testcase classname="allregistrationform.Testcase3_SignUpAsModel" name="affiliateRegistration_Button" time="21.838"/>
  <testcase classname="allregistrationform.Testcase3_SignUpAsModel" name="model_Registration_Form_page1" time="30.913"/>
</testsuite> <!-- allregistrationform.Testcase3_SignUpAsModel -->
