<?xml version="1.0" encoding="UTF-8"?>
<!-- Generated by org.testng.reporters.JUnitReportReporter -->
<testsuite hostname="wws-cpu-202308-05" failures="0" tests="1" name="testcase.Testcase_Assertcheck" time="2.016" errors="0" timestamp="2024-04-29T13:02:48 IST" skipped="0">
  <testcase classname="testcase.Testcase_Assertcheck" name="URL" time="2.016"/>
</testsuite> <!-- testcase.Testcase_Assertcheck -->
