<?xml version="1.0" encoding="UTF-8"?>
<!-- Generated by org.testng.reporters.JUnitReportReporter -->
<testsuite hostname="wws-cpu-202308-05" failures="0" tests="1" name="testcase.Testcase2_Login" time="18.477" errors="0" timestamp="2024-04-24T13:10:20 IST" skipped="0">
  <testcase classname="testcase.Testcase2_Login" name="Login" time="18.477"/>
</testsuite> <!-- testcase.Testcase2_Login -->
