<?xml version="1.0" encoding="UTF-8"?>
<!-- Generated by org.testng.reporters.JUnitReportReporter -->
<testsuite hostname="wws-cpu-202308-05" failures="0" tests="4" name="testcase_customer.Customerside_Link" time="108.471" errors="0" timestamp="2024-04-18T16:30:20 IST" skipped="0">
  <testcase classname="testcase_customer.Customerside_Link" name="heddersection_Linkcount_LinkPath" time="21.914"/>
  <testcase classname="testcase_customer.Customerside_Link" name="footersection_Linkcount_LinkPath" time="8.380"/>
  <testcase classname="testcase_customer.Customerside_Link" name="Lust_List" time="46.422"/>
  <testcase classname="testcase_customer.Customerside_Link" name="category_section" time="31.755"/>
</testsuite> <!-- testcase_customer.Customerside_Link -->
