<?xml version="1.0" encoding="UTF-8"?>
<!-- Generated by org.testng.reporters.JUnitReportReporter -->
<testsuite hostname="wws-cpu-202308-05" failures="0" tests="1" name="testcase_customer.Testcase1_Login_Customer_col5_col7_scroll" time="10.878" errors="0" timestamp="2024-04-17T13:02:47 IST" skipped="0">
  <testcase classname="testcase_customer.Testcase1_Login_Customer_col5_col7_scroll" name="Login" time="10.878"/>
</testsuite> <!-- testcase_customer.Testcase1_Login_Customer_col5_col7_scroll -->
