<?xml version="1.0" encoding="UTF-8"?>
<!-- Generated by org.testng.reporters.JUnitReportReporter -->
<testsuite hostname="wws-cpu-202308-04" failures="0" tests="1" name="testcase.Testcase8_Account" time="8.255" errors="0" timestamp="2024-03-21T10:39:53 IST" skipped="0">
  <testcase classname="testcase.Testcase8_Account" name="Account" time="8.255"/>
  <system-out/>
</testsuite> <!-- testcase.Testcase8_Account -->
