<?xml version="1.0" encoding="UTF-8"?>
<!-- Generated by org.testng.reporters.JUnitReportReporter -->
<testsuite hostname="wws-cpu-202308-04" failures="0" tests="1" name="testcase.Testcase3_ModelDetails" time="36.440" errors="0" timestamp="2024-03-21T10:39:53 IST" skipped="0">
  <testcase classname="testcase.Testcase3_ModelDetails" name="ModelDetails" time="36.440"/>
  <system-out/>
</testsuite> <!-- testcase.Testcase3_ModelDetails -->
