<?xml version="1.0" encoding="UTF-8"?>
<!-- Generated by org.testng.reporters.JUnitReportReporter -->
<testsuite hostname="wws-cpu-202308-04" failures="0" tests="3" name="allregistrationform.Testcase1_NewCaller" time="6.853" errors="0" timestamp="2024-04-12T13:05:01 IST" skipped="0">
  <testcase classname="allregistrationform.Testcase1_NewCaller" name="adultpopup" time="2.315"/>
  <testcase classname="allregistrationform.Testcase1_NewCaller" name="new_caller_Button" time="2.043"/>
  <testcase classname="allregistrationform.Testcase1_NewCaller" name="newcaller_form" time="2.495"/>
</testsuite> <!-- allregistrationform.Testcase1_NewCaller -->
